\BOOKMARK [1][-]{section.1}{\376\377\000目\000的}{}% 1
\BOOKMARK [1][-]{section.2}{\376\377\000原\000理}{}% 2
\BOOKMARK [1][-]{section.3}{\376\377\000実\000験}{}% 3
\BOOKMARK [2][-]{subsection.3.1}{\376\377\000使\000用\000器\000具}{section.3}% 4
\BOOKMARK [2][-]{subsection.3.2}{\376\377\000比\000較\000演\000算\000と\000w\000h\000i\000l\000e\000ル\000ー\000プ\000の\000演\000習}{section.3}% 5
\BOOKMARK [2][-]{subsection.3.3}{\376\377\000B\000J\000T\000の\000入\000力\000特\000性\000図}{section.3}% 6
\BOOKMARK [2][-]{subsection.3.4}{\376\377\000B\000J\000T\000電\000流\000伝\000達\000特\000性}{section.3}% 7
\BOOKMARK [2][-]{subsection.3.5}{\376\377\000B\000J\000T\000の\000電\000圧\000帰\000還\000特\000性}{section.3}% 8
\BOOKMARK [2][-]{subsection.3.6}{\376\377\000B\000J\000T\000の\000出\000力\000特\000性}{section.3}% 9
\BOOKMARK [1][-]{section.4}{\376\377\000結\000果}{}% 10
\BOOKMARK [2][-]{subsection.4.1}{\376\377\000自\000動\000測\000定\000の\000プ\000ロ\000グ\000ラ\000ム}{section.4}% 11
\BOOKMARK [3][-]{subsubsection.4.1.1}{\376\377\000入\000力\000特\000性\000測\000定\000プ\000ロ\000グ\000ラ\000ム}{subsection.4.1}% 12
\BOOKMARK [3][-]{subsubsection.4.1.2}{\376\377\000電\000流\000伝\000達\000特\000性\000測\000定\000プ\000ロ\000グ\000ラ\000ム}{subsection.4.1}% 13
\BOOKMARK [3][-]{subsubsection.4.1.3}{\376\377\000電\000圧\000帰\000還\000特\000性\000測\000定\000プ\000ロ\000グ\000ラ\000ム}{subsection.4.1}% 14
\BOOKMARK [3][-]{subsubsection.4.1.4}{\376\377\000出\000力\000特\000性\000測\000定\000プ\000ロ\000グ\000ラ\000ム}{subsection.4.1}% 15
\BOOKMARK [2][-]{subsection.4.2}{\376\377\000特\000性\000図}{section.4}% 16
\BOOKMARK [3][-]{subsubsection.4.2.1}{\376\377\000入\000力\000特\000性}{subsection.4.2}% 17
\BOOKMARK [3][-]{subsubsection.4.2.2}{\376\377\000電\000流\000伝\000達\000特\000性}{subsection.4.2}% 18
\BOOKMARK [3][-]{subsubsection.4.2.3}{\376\377\000電\000圧\000帰\000還\000特\000性}{subsection.4.2}% 19
\BOOKMARK [3][-]{subsubsection.4.2.4}{\376\377\000出\000力\000特\000性}{subsection.4.2}% 20
\BOOKMARK [1][-]{section.5}{\376\377\000考\000察}{}% 21
\BOOKMARK [2][-]{subsection.5.1}{\376\377\000H\000パ\000ラ\000メ\000ー\000タ\000の\000導\000出}{section.5}% 22
\BOOKMARK [3][-]{subsubsection.5.1.1}{\376\377\000最\000小\000二\000乗\000法}{subsection.5.1}% 23
\BOOKMARK [3][-]{subsubsection.5.1.2}{\376\377\000入\000力\000イ\000ン\000ピ\000ー\000ダ\000ン\000ス\000\050\000h\000i\000e\000\051}{subsection.5.1}% 24
\BOOKMARK [3][-]{subsubsection.5.1.3}{\376\377\000電\000流\000増\000幅\000率\000\050\000h\000f\000e\000\051}{subsection.5.1}% 25
\BOOKMARK [3][-]{subsubsection.5.1.4}{\376\377\000電\000圧\000帰\000還\000率\000\050\000h\000r\000e\000\051}{subsection.5.1}% 26
\BOOKMARK [3][-]{subsubsection.5.1.5}{\376\377\000出\000力\000ア\000ド\000ミ\000タ\000ン\000ス\000\050\000h\000o\000e\000\051}{subsection.5.1}% 27
\BOOKMARK [2][-]{subsection.5.2}{\376\377\000H\000パ\000ラ\000メ\000ー\000タ\000の\000測\000定\000結\000果\000に\000つ\000い\000て}{section.5}% 28
\BOOKMARK [3][-]{subsubsection.5.2.1}{\376\377\000入\000力\000イ\000ン\000ピ\000ー\000ダ\000ン\000ス\000\050\000h\000i\000e\000\051}{subsection.5.2}% 29
\BOOKMARK [3][-]{subsubsection.5.2.2}{\376\377\000電\000流\000増\000幅\000率\000\050\000h\000f\000e\000\051}{subsection.5.2}% 30
\BOOKMARK [3][-]{subsubsection.5.2.3}{\376\377\000電\000圧\000帰\000還\000率\000\050\000h\000r\000e\000\051}{subsection.5.2}% 31
\BOOKMARK [3][-]{subsubsection.5.2.4}{\376\377\000出\000力\000ア\000ド\000ミ\000タ\000ン\000ス\000\050\000h\000o\000e\000\051}{subsection.5.2}% 32
\BOOKMARK [2][-]{subsection.5.3}{\376\377\000測\000定\000値\000が\000飛\000び\000飛\000び\000の\000値\000し\000か\000な\000い\000理\000由}{section.5}% 33
\BOOKMARK [2][-]{subsection.5.4}{\376\377\000H\000パ\000ラ\000メ\000ー\000タ\000か\000ら\000Y\000パ\000ラ\000メ\000ー\000タ\000へ\000の\000変\000換}{section.5}% 34
\BOOKMARK [2][-]{subsection.5.5}{\376\377\000独\000自\000の\000考\000察}{section.5}% 35
\BOOKMARK [1][-]{section.6}{\376\377\000結\000論}{}% 36
